-------------------------------------------------------------------------------
Test set: org.ssa.ironyard.AccountDAOImplTest
-------------------------------------------------------------------------------
<<<<<<< HEAD
<<<<<<< HEAD
Tests run: 7, Failures: 0, Errors: 7, Skipped: 0, Time elapsed: 1.647 sec <<< FAILURE! - in org.ssa.ironyard.AccountDAOImplTest
testRead(org.ssa.ironyard.AccountDAOImplTest)  Time elapsed: 0.195 sec  <<< ERROR!
java.lang.RuntimeException: null
	at org.ssa.ironyard.dao.AccountDAOImpl.insert(AccountDAOImpl.java:62)
	at org.ssa.ironyard.AccountDAOImplTest.testRead(AccountDAOImplTest.java:134)

testReadType(org.ssa.ironyard.AccountDAOImplTest)  Time elapsed: 0.168 sec  <<< ERROR!
java.lang.RuntimeException: null
	at org.ssa.ironyard.dao.AccountDAOImpl.insert(AccountDAOImpl.java:62)
	at org.ssa.ironyard.AccountDAOImplTest.testReadType(AccountDAOImplTest.java:167)

testReadUser(org.ssa.ironyard.AccountDAOImplTest)  Time elapsed: 0.267 sec  <<< ERROR!
java.lang.RuntimeException: null
	at org.ssa.ironyard.dao.AccountDAOImpl.insert(AccountDAOImpl.java:62)
	at org.ssa.ironyard.AccountDAOImplTest.testReadUser(AccountDAOImplTest.java:150)

testDelete(org.ssa.ironyard.AccountDAOImplTest)  Time elapsed: 0.231 sec  <<< ERROR!
java.lang.RuntimeException: null
	at org.ssa.ironyard.dao.AccountDAOImpl.insert(AccountDAOImpl.java:62)
	at org.ssa.ironyard.AccountDAOImplTest.testDelete(AccountDAOImplTest.java:98)

testInsert(org.ssa.ironyard.AccountDAOImplTest)  Time elapsed: 0.258 sec  <<< ERROR!
java.lang.RuntimeException: null
	at org.ssa.ironyard.dao.AccountDAOImpl.insert(AccountDAOImpl.java:62)
	at org.ssa.ironyard.AccountDAOImplTest.testInsert(AccountDAOImplTest.java:62)

testUpdate(org.ssa.ironyard.AccountDAOImplTest)  Time elapsed: 0.294 sec  <<< ERROR!
java.lang.RuntimeException: null
	at org.ssa.ironyard.dao.AccountDAOImpl.insert(AccountDAOImpl.java:62)
	at org.ssa.ironyard.AccountDAOImplTest.testUpdate(AccountDAOImplTest.java:111)

testUnderwater(org.ssa.ironyard.AccountDAOImplTest)  Time elapsed: 0.232 sec  <<< ERROR!
java.lang.RuntimeException: null
	at org.ssa.ironyard.dao.AccountDAOImpl.insert(AccountDAOImpl.java:62)
	at org.ssa.ironyard.AccountDAOImplTest.testUnderwater(AccountDAOImplTest.java:181)
=======
Tests run: 7, Failures: 4, Errors: 0, Skipped: 0, Time elapsed: 1.158 sec <<< FAILURE! - in org.ssa.ironyard.AccountDAOImplTest
testReadType(org.ssa.ironyard.AccountDAOImplTest)  Time elapsed: 0.199 sec  <<< FAILURE!
java.lang.AssertionError: null
	at org.junit.Assert.fail(Assert.java:86)
	at org.junit.Assert.assertTrue(Assert.java:41)
	at org.junit.Assert.assertTrue(Assert.java:52)
	at org.ssa.ironyard.AccountDAOImplTest.testReadType(AccountDAOImplTest.java:174)

testReadUser(org.ssa.ironyard.AccountDAOImplTest)  Time elapsed: 0.137 sec  <<< FAILURE!
java.lang.AssertionError: null
	at org.junit.Assert.fail(Assert.java:86)
	at org.junit.Assert.assertTrue(Assert.java:41)
	at org.junit.Assert.assertTrue(Assert.java:52)
	at org.ssa.ironyard.AccountDAOImplTest.testReadUser(AccountDAOImplTest.java:156)

testUpdate(org.ssa.ironyard.AccountDAOImplTest)  Time elapsed: 0.14 sec  <<< FAILURE!
java.lang.AssertionError: null
	at org.junit.Assert.fail(Assert.java:86)
	at org.junit.Assert.assertTrue(Assert.java:41)
	at org.junit.Assert.assertTrue(Assert.java:52)
	at org.ssa.ironyard.AccountDAOImplTest.testUpdate(AccountDAOImplTest.java:124)

testUnderwater(org.ssa.ironyard.AccountDAOImplTest)  Time elapsed: 0.288 sec  <<< FAILURE!
java.lang.AssertionError: null
	at org.junit.Assert.fail(Assert.java:86)
	at org.junit.Assert.assertTrue(Assert.java:41)
	at org.junit.Assert.assertTrue(Assert.java:52)
	at org.ssa.ironyard.AccountDAOImplTest.testUnderwater(AccountDAOImplTest.java:196)
>>>>>>> 637ac3bbe6c4fcb5c5ca7dc546ff3aeee32fe358

=======
Tests run: 7, Failures: 0, Errors: 0, Skipped: 0, Time elapsed: 1.683 sec - in org.ssa.ironyard.AccountDAOImplTest
>>>>>>> 8d9e679b741c3a1362e77fe7a44d0e502bb9f0b7
